#-----------------------------------------------------------
# Vivado v2019.2 (64-bit)
# SW Build 2708876 on Wed Nov  6 21:40:23 MST 2019
# IP Build 2700528 on Thu Nov  7 00:09:20 MST 2019
# Start of session at: Tue Nov 21 08:36:14 2023
# Process ID: 36732
# Current directory: D:/destop/vivado/RVfpga_SoC
# Command line: vivado.exe -gui_launcher_event rodinguilauncherevent19056 D:\destop\vivado\RVfpga_SoC\RVfpga_SoC.xpr
# Log file: D:/destop/vivado/RVfpga_SoC/vivado.log
# Journal file: D:/destop/vivado/RVfpga_SoC\vivado.jou
#-----------------------------------------------------------
start_gui
open_project D:/destop/vivado/RVfpga_SoC/RVfpga_SoC.xpr
Scanning sources...
Finished scanning sources
INFO: [IP_Flow 19-234] Refreshing IP repositories
INFO: [IP_Flow 19-1700] Loaded user IP repository 'd:/destop/vivado/ip'.
INFO: [IP_Flow 19-2313] Loaded Vivado IP repository 'D:/Xilinx/Vivado/2019.2/data/ip'.
open_project: Time (s): cpu = 00:00:12 ; elapsed = 00:00:05 . Memory (MB): peak = 891.688 ; gain = 227.469
open_bd_design {D:/destop/vivado/RVfpga_SoC/RVfpga_SoC.srcs/sources_1/bd/swerv_soc/swerv_soc.bd}
Adding component instance block -- xilinx.com:user:axi2wb_intcon_wrapper:1.0 - axi2wb_intcon_wrapper_0
Adding component instance block -- xilinx.com:user:swerv_wrapper_verilog:1.0 - swerv_wrapper_verilog_0
Adding component instance block -- xilinx.com:user:wb_gpio_wrapper:1.0 - wb_gpio_wrapper_0
Adding component instance block -- xilinx.com:module_ref:bootrom_wrapper:1.0 - bootrom_wrapper_0
Adding component instance block -- xilinx.com:ip:axi_interconnect:2.1 - axi_interconnect_0
Adding component instance block -- xilinx.com:ip:axi_crossbar:2.1 - xbar
Adding component instance block -- xilinx.com:ip:axi_dwidth_converter:2.1 - auto_ds
Adding component instance block -- xilinx.com:ip:axi_protocol_converter:2.1 - auto_pc
Adding component instance block -- xilinx.com:module_ref:wb_uart_wrapper:1.0 - wb_uart_wrapper_0
Adding component instance block -- xilinx.com:user:PWM_w_Int:1.0 - PWM_w_Int_0
Adding component instance block -- xilinx.com:ip:xlconcat:2.1 - xlconcat_0
Adding component instance block -- xilinx.com:module_ref:syscon_wrapper:1.0 - syscon_wrapper_0
Adding component instance block -- xilinx.com:module_ref:ptc_wrapper:1.0 - ptc_wrapper_0
Adding component instance block -- xilinx.com:module_ref:wb_spi_wrapper:1.0 - wb_spi_wrapper_0
Adding component instance block -- xilinx.com:ip:axi_gpio:2.0 - axi_gpio_0
Adding component instance block -- xilinx.com:ip:axi_iic:2.0 - axi_iic_0
Adding component instance block -- xilinx.com:user:My_PWM:2.0 - My_PWM_0
WARNING: [BD 41-1731] Type mismatch between connected pins: /syscon_wrapper_0/o_timer_irq(intr) and /swerv_wrapper_verilog_0/timer_int(undef)
WARNING: [BD 41-1731] Type mismatch between connected pins: /clk_0(clk) and /wb_gpio_wrapper_0/wb_clk_i(undef)
WARNING: [BD 41-1731] Type mismatch between connected pins: /clk_0(clk) and /wb_uart_wrapper_0/wb_clk_i(undef)
WARNING: [BD 41-1731] Type mismatch between connected pins: /clk_0(clk) and /ptc_wrapper_0/wb_clk_i(undef)
WARNING: [BD 41-1731] Type mismatch between connected pins: /clk_0(clk) and /wb_spi_wrapper_0/wb_clk_i(undef)
WARNING: [BD 41-1731] Type mismatch between connected pins: /rst_0(rst) and /wb_gpio_wrapper_0/wb_rst_i(undef)
WARNING: [BD 41-1731] Type mismatch between connected pins: /rst_0(rst) and /wb_uart_wrapper_0/wb_rst_i(undef)
WARNING: [BD 41-1731] Type mismatch between connected pins: /rst_0(rst) and /ptc_wrapper_0/wb_rst_i(undef)
WARNING: [BD 41-1731] Type mismatch between connected pins: /rst_0(rst) and /wb_spi_wrapper_0/wb_rst_i(undef)
WARNING: [BD 41-1731] Type mismatch between connected pins: /ptc_wrapper_0/wb_inta_o(undef) and /syscon_wrapper_0/ptc_irq(intr)
Successfully read diagram <swerv_soc> from BD file <D:/destop/vivado/RVfpga_SoC/RVfpga_SoC.srcs/sources_1/bd/swerv_soc/swerv_soc.bd>
update_compile_order -fileset sources_1
exit
INFO: [Common 17-206] Exiting Vivado at Tue Nov 21 22:39:34 2023...
