
*** Running vivado
    with args -log swerv_soc_syscon_wrapper_0_0.vds -m64 -product Vivado -mode batch -messageDb vivado.pb -notrace -source swerv_soc_syscon_wrapper_0_0.tcl


****** Vivado v2019.2 (64-bit)
  **** SW Build 2708876 on Wed Nov  6 21:40:23 MST 2019
  **** IP Build 2700528 on Thu Nov  7 00:09:20 MST 2019
    ** Copyright 1986-2019 Xilinx, Inc. All Rights Reserved.

source swerv_soc_syscon_wrapper_0_0.tcl -notrace
INFO: [IP_Flow 19-234] Refreshing IP repositories
INFO: [IP_Flow 19-1700] Loaded user IP repository 'c:/Peripheral/ip'.
INFO: [IP_Flow 19-2313] Loaded Vivado IP repository 'C:/Xilinx/Vivado/2019.2/data/ip'.
Command: synth_design -top swerv_soc_syscon_wrapper_0_0 -part xc7a100tcsg324-1 -mode out_of_context
Starting synth_design
WARNING: [IP_Flow 19-3571] IP 'swerv_soc_syscon_wrapper_0_0' is restricted:
* Module reference is stale and needs refreshing.
Attempting to get a license for feature 'Synthesis' and/or device 'xc7a100t'
INFO: [Common 17-349] Got license for feature 'Synthesis' and/or device 'xc7a100t'
INFO: [Device 21-403] Loading part xc7a100tcsg324-1
INFO: Launching helper process for spawning children vivado processes
INFO: Helper process launched with PID 12628 
WARNING: [Synth 8-6901] identifier 'Enables_Reg' is used before its declaration [C:/Peripheral/rtl_src/SystemController/swervolf_syscon.v:220]
WARNING: [Synth 8-6901] identifier 'Digits_Reg' is used before its declaration [C:/Peripheral/rtl_src/SystemController/swervolf_syscon.v:223]
WARNING: [Synth 8-6901] identifier 'Digits_Reg' is used before its declaration [C:/Peripheral/rtl_src/SystemController/swervolf_syscon.v:224]
WARNING: [Synth 8-6901] identifier 'Digits_Reg' is used before its declaration [C:/Peripheral/rtl_src/SystemController/swervolf_syscon.v:225]
WARNING: [Synth 8-6901] identifier 'Digits_Reg' is used before its declaration [C:/Peripheral/rtl_src/SystemController/swervolf_syscon.v:226]
WARNING: [Synth 8-2644] root scope declaration is not allowed in verilog 95/2K mode [C:/Peripheral/rtl_src/SystemController/swervolf_syscon.v:295]
WARNING: [Synth 8-2369] multiple packed dimensions are not allowed in this mode of verilog [C:/Peripheral/rtl_src/SystemController/swervolf_syscon.v:319]
WARNING: [Synth 8-2369] multiple packed dimensions are not allowed in this mode of verilog [C:/Peripheral/rtl_src/SystemController/swervolf_syscon.v:343]
---------------------------------------------------------------------------------
Starting RTL Elaboration : Time (s): cpu = 00:00:06 ; elapsed = 00:00:06 . Memory (MB): peak = 919.000 ; gain = 241.996
---------------------------------------------------------------------------------
INFO: [Synth 8-6157] synthesizing module 'swerv_soc_syscon_wrapper_0_0' [c:/Peripheral/RVfpga_SoC/RVfpga_SoC.srcs/sources_1/bd/swerv_soc/ip/swerv_soc_syscon_wrapper_0_0/synth/swerv_soc_syscon_wrapper_0_0.v:58]
INFO: [Synth 8-6157] synthesizing module 'syscon_wrapper' [C:/Peripheral/rtl_src/SystemController/syscon_wrapper.v:23]
INFO: [Synth 8-6157] synthesizing module 'swervolf_syscon' [C:/Peripheral/rtl_src/SystemController/swervolf_syscon.v:26]
	Parameter clk_freq_hz bound to: 32'b00000000000000000000000000000000 
INFO: [Synth 8-155] case statement is not full and has no default [C:/Peripheral/rtl_src/SystemController/swervolf_syscon.v:163]
INFO: [Synth 8-155] case statement is not full and has no default [C:/Peripheral/rtl_src/SystemController/swervolf_syscon.v:230]
INFO: [Synth 8-6157] synthesizing module 'SevSegDisplays_Controller' [C:/Peripheral/rtl_src/SystemController/swervolf_syscon.v:297]
INFO: [Synth 8-6157] synthesizing module 'SevenSegDecoder' [C:/Peripheral/rtl_src/SystemController/swervolf_syscon.v:370]
INFO: [Synth 8-226] default block is never used [C:/Peripheral/rtl_src/SystemController/swervolf_syscon.v:373]
INFO: [Synth 8-6155] done synthesizing module 'SevenSegDecoder' (1#1) [C:/Peripheral/rtl_src/SystemController/swervolf_syscon.v:370]
INFO: [Synth 8-6157] synthesizing module 'counter' [C:/Peripheral/rtl_src/SystemController/counter.sv:14]
	Parameter WIDTH bound to: 32'b00000000000000000000000000010100 
	Parameter STICKY_OVERFLOW bound to: 1'b0 
INFO: [Synth 8-6157] synthesizing module 'delta_counter' [C:/Peripheral/rtl_src/SystemController/delta_counter.sv:13]
	Parameter WIDTH bound to: 32'b00000000000000000000000000010100 
	Parameter STICKY_OVERFLOW bound to: 1'b0 
INFO: [Synth 8-6155] done synthesizing module 'delta_counter' (2#1) [C:/Peripheral/rtl_src/SystemController/delta_counter.sv:13]
INFO: [Synth 8-6155] done synthesizing module 'counter' (3#1) [C:/Peripheral/rtl_src/SystemController/counter.sv:14]
INFO: [Synth 8-6157] synthesizing module 'SevSegMux' [C:/Peripheral/rtl_src/SystemController/swervolf_syscon.v:398]
	Parameter DATA_WIDTH bound to: 8 - type: integer 
	Parameter N_IN bound to: 8 - type: integer 
	Parameter SEL_WIDTH bound to: 3 - type: integer 
INFO: [Synth 8-6155] done synthesizing module 'SevSegMux' (4#1) [C:/Peripheral/rtl_src/SystemController/swervolf_syscon.v:398]
INFO: [Synth 8-6157] synthesizing module 'SevSegMux__parameterized0' [C:/Peripheral/rtl_src/SystemController/swervolf_syscon.v:398]
	Parameter DATA_WIDTH bound to: 4 - type: integer 
	Parameter N_IN bound to: 8 - type: integer 
	Parameter SEL_WIDTH bound to: 3 - type: integer 
INFO: [Synth 8-6155] done synthesizing module 'SevSegMux__parameterized0' (4#1) [C:/Peripheral/rtl_src/SystemController/swervolf_syscon.v:398]
INFO: [Synth 8-6155] done synthesizing module 'SevSegDisplays_Controller' (5#1) [C:/Peripheral/rtl_src/SystemController/swervolf_syscon.v:297]
INFO: [Synth 8-6155] done synthesizing module 'swervolf_syscon' (6#1) [C:/Peripheral/rtl_src/SystemController/swervolf_syscon.v:26]
INFO: [Synth 8-6155] done synthesizing module 'syscon_wrapper' (7#1) [C:/Peripheral/rtl_src/SystemController/syscon_wrapper.v:23]
INFO: [Synth 8-6155] done synthesizing module 'swerv_soc_syscon_wrapper_0_0' (8#1) [c:/Peripheral/RVfpga_SoC/RVfpga_SoC.srcs/sources_1/bd/swerv_soc/ip/swerv_soc_syscon_wrapper_0_0/synth/swerv_soc_syscon_wrapper_0_0.v:58]
WARNING: [Synth 8-3331] design swervolf_syscon has unconnected port i_wb_adr[1]
WARNING: [Synth 8-3331] design swervolf_syscon has unconnected port i_wb_adr[0]
WARNING: [Synth 8-3331] design syscon_wrapper has unconnected port i_wb_adr[31]
WARNING: [Synth 8-3331] design syscon_wrapper has unconnected port i_wb_adr[30]
WARNING: [Synth 8-3331] design syscon_wrapper has unconnected port i_wb_adr[29]
WARNING: [Synth 8-3331] design syscon_wrapper has unconnected port i_wb_adr[28]
WARNING: [Synth 8-3331] design syscon_wrapper has unconnected port i_wb_adr[27]
WARNING: [Synth 8-3331] design syscon_wrapper has unconnected port i_wb_adr[26]
WARNING: [Synth 8-3331] design syscon_wrapper has unconnected port i_wb_adr[25]
WARNING: [Synth 8-3331] design syscon_wrapper has unconnected port i_wb_adr[24]
WARNING: [Synth 8-3331] design syscon_wrapper has unconnected port i_wb_adr[23]
WARNING: [Synth 8-3331] design syscon_wrapper has unconnected port i_wb_adr[22]
WARNING: [Synth 8-3331] design syscon_wrapper has unconnected port i_wb_adr[21]
WARNING: [Synth 8-3331] design syscon_wrapper has unconnected port i_wb_adr[20]
WARNING: [Synth 8-3331] design syscon_wrapper has unconnected port i_wb_adr[19]
WARNING: [Synth 8-3331] design syscon_wrapper has unconnected port i_wb_adr[18]
WARNING: [Synth 8-3331] design syscon_wrapper has unconnected port i_wb_adr[17]
WARNING: [Synth 8-3331] design syscon_wrapper has unconnected port i_wb_adr[16]
WARNING: [Synth 8-3331] design syscon_wrapper has unconnected port i_wb_adr[15]
WARNING: [Synth 8-3331] design syscon_wrapper has unconnected port i_wb_adr[14]
WARNING: [Synth 8-3331] design syscon_wrapper has unconnected port i_wb_adr[13]
WARNING: [Synth 8-3331] design syscon_wrapper has unconnected port i_wb_adr[12]
WARNING: [Synth 8-3331] design syscon_wrapper has unconnected port i_wb_adr[11]
WARNING: [Synth 8-3331] design syscon_wrapper has unconnected port i_wb_adr[10]
WARNING: [Synth 8-3331] design syscon_wrapper has unconnected port i_wb_adr[9]
WARNING: [Synth 8-3331] design syscon_wrapper has unconnected port i_wb_adr[8]
WARNING: [Synth 8-3331] design syscon_wrapper has unconnected port i_wb_adr[7]
WARNING: [Synth 8-3331] design syscon_wrapper has unconnected port i_wb_adr[6]
---------------------------------------------------------------------------------
Finished RTL Elaboration : Time (s): cpu = 00:00:07 ; elapsed = 00:00:08 . Memory (MB): peak = 968.035 ; gain = 291.031
---------------------------------------------------------------------------------

Report Check Netlist: 
+------+------------------+-------+---------+-------+------------------+
|      |Item              |Errors |Warnings |Status |Description       |
+------+------------------+-------+---------+-------+------------------+
|1     |multi_driven_nets |      0|        0|Passed |Multi driven nets |
+------+------------------+-------+---------+-------+------------------+
---------------------------------------------------------------------------------
Start Handling Custom Attributes
---------------------------------------------------------------------------------
---------------------------------------------------------------------------------
Finished Handling Custom Attributes : Time (s): cpu = 00:00:08 ; elapsed = 00:00:08 . Memory (MB): peak = 968.035 ; gain = 291.031
---------------------------------------------------------------------------------
---------------------------------------------------------------------------------
Finished RTL Optimization Phase 1 : Time (s): cpu = 00:00:08 ; elapsed = 00:00:08 . Memory (MB): peak = 968.035 ; gain = 291.031
---------------------------------------------------------------------------------
Netlist sorting complete. Time (s): cpu = 00:00:00 ; elapsed = 00:00:00.026 . Memory (MB): peak = 968.035 ; gain = 0.000
INFO: [Project 1-570] Preparing netlist for logic optimization

Processing XDC Constraints
Initializing timing engine
Completed Processing XDC Constraints

Netlist sorting complete. Time (s): cpu = 00:00:00 ; elapsed = 00:00:00 . Memory (MB): peak = 1066.199 ; gain = 0.000
INFO: [Project 1-111] Unisim Transformation Summary:
No Unisim elements were transformed.

WARNING: [Constraints 18-5210] No constraints selected for write.
Resolution: This message can indicate that there are no constraints for the design, or it can indicate that the used_in flags are set such that the constraints are ignored. This later case is used when running synth_design to not write synthesis constraints to the resulting checkpoint. Instead, project constraints are read when the synthesized design is opened.
Constraint Validation Runtime : Time (s): cpu = 00:00:00 ; elapsed = 00:00:00.083 . Memory (MB): peak = 1068.230 ; gain = 2.031
---------------------------------------------------------------------------------
Finished Constraint Validation : Time (s): cpu = 00:00:15 ; elapsed = 00:00:16 . Memory (MB): peak = 1068.230 ; gain = 391.227
---------------------------------------------------------------------------------
---------------------------------------------------------------------------------
Start Loading Part and Timing Information
---------------------------------------------------------------------------------
Loading part: xc7a100tcsg324-1
---------------------------------------------------------------------------------
Finished Loading Part and Timing Information : Time (s): cpu = 00:00:15 ; elapsed = 00:00:16 . Memory (MB): peak = 1068.230 ; gain = 391.227
---------------------------------------------------------------------------------
---------------------------------------------------------------------------------
Start Applying 'set_property' XDC Constraints
---------------------------------------------------------------------------------
---------------------------------------------------------------------------------
Finished applying 'set_property' XDC Constraints : Time (s): cpu = 00:00:15 ; elapsed = 00:00:16 . Memory (MB): peak = 1068.230 ; gain = 391.227
---------------------------------------------------------------------------------
INFO: [Synth 8-5818] HDL ADVISOR - The operator resource <adder> is shared. To prevent sharing consider applying a KEEP on the output of the operator [C:/Peripheral/rtl_src/SystemController/delta_counter.sv:59]
---------------------------------------------------------------------------------
Finished RTL Optimization Phase 2 : Time (s): cpu = 00:00:16 ; elapsed = 00:00:17 . Memory (MB): peak = 1068.230 ; gain = 391.227
---------------------------------------------------------------------------------

Report RTL Partitions: 
+-+--------------+------------+----------+
| |RTL Partition |Replication |Instances |
+-+--------------+------------+----------+
+-+--------------+------------+----------+
---------------------------------------------------------------------------------
Start RTL Component Statistics 
---------------------------------------------------------------------------------
Detailed RTL Component Info : 
+---Adders : 
	   2 Input     32 Bit       Adders := 1     
	   3 Input     21 Bit       Adders := 1     
+---XORs : 
	   2 Input      1 Bit         XORs := 2     
+---Registers : 
	               64 Bit    Registers := 1     
	               32 Bit    Registers := 4     
	               21 Bit    Registers := 1     
	                8 Bit    Registers := 1     
	                1 Bit    Registers := 15    
+---Muxes : 
	   2 Input     64 Bit        Muxes := 1     
	  10 Input     64 Bit        Muxes := 1     
	   2 Input     32 Bit        Muxes := 4     
	  10 Input     32 Bit        Muxes := 4     
	   2 Input     21 Bit        Muxes := 3     
	   2 Input      8 Bit        Muxes := 9     
	  10 Input      8 Bit        Muxes := 1     
	   2 Input      1 Bit        Muxes := 28    
	  10 Input      1 Bit        Muxes := 9     
	  13 Input      1 Bit        Muxes := 1     
---------------------------------------------------------------------------------
Finished RTL Component Statistics 
---------------------------------------------------------------------------------
---------------------------------------------------------------------------------
Start RTL Hierarchical Component Statistics 
---------------------------------------------------------------------------------
Hierarchical RTL Component report 
Module delta_counter 
Detailed RTL Component Info : 
+---Adders : 
	   3 Input     21 Bit       Adders := 1     
+---Registers : 
	               21 Bit    Registers := 1     
+---Muxes : 
	   2 Input     21 Bit        Muxes := 3     
	   2 Input      1 Bit        Muxes := 2     
Module swervolf_syscon 
Detailed RTL Component Info : 
+---Adders : 
	   2 Input     32 Bit       Adders := 1     
+---XORs : 
	   2 Input      1 Bit         XORs := 2     
+---Registers : 
	               64 Bit    Registers := 1     
	               32 Bit    Registers := 4     
	                8 Bit    Registers := 1     
	                1 Bit    Registers := 15    
+---Muxes : 
	   2 Input     64 Bit        Muxes := 1     
	  10 Input     64 Bit        Muxes := 1     
	   2 Input     32 Bit        Muxes := 4     
	  10 Input     32 Bit        Muxes := 4     
	   2 Input      8 Bit        Muxes := 9     
	  10 Input      8 Bit        Muxes := 1     
	  10 Input      1 Bit        Muxes := 9     
	   2 Input      1 Bit        Muxes := 26    
	  13 Input      1 Bit        Muxes := 1     
---------------------------------------------------------------------------------
Finished RTL Hierarchical Component Statistics
---------------------------------------------------------------------------------
---------------------------------------------------------------------------------
Start Part Resource Summary
---------------------------------------------------------------------------------
Part Resources:
DSPs: 240 (col length:80)
BRAMs: 270 (col length: RAMB18 80 RAMB36 40)
---------------------------------------------------------------------------------
Finished Part Resource Summary
---------------------------------------------------------------------------------
---------------------------------------------------------------------------------
Start Cross Boundary and Area Optimization
---------------------------------------------------------------------------------
Warning: Parallel synthesis criteria is not met 
WARNING: [Synth 8-3331] design swervolf_syscon has unconnected port i_wb_adr[1]
WARNING: [Synth 8-3331] design swervolf_syscon has unconnected port i_wb_adr[0]
WARNING: [Synth 8-3331] design swerv_soc_syscon_wrapper_0_0 has unconnected port i_wb_adr[31]
WARNING: [Synth 8-3331] design swerv_soc_syscon_wrapper_0_0 has unconnected port i_wb_adr[30]
WARNING: [Synth 8-3331] design swerv_soc_syscon_wrapper_0_0 has unconnected port i_wb_adr[29]
WARNING: [Synth 8-3331] design swerv_soc_syscon_wrapper_0_0 has unconnected port i_wb_adr[28]
WARNING: [Synth 8-3331] design swerv_soc_syscon_wrapper_0_0 has unconnected port i_wb_adr[27]
WARNING: [Synth 8-3331] design swerv_soc_syscon_wrapper_0_0 has unconnected port i_wb_adr[26]
WARNING: [Synth 8-3331] design swerv_soc_syscon_wrapper_0_0 has unconnected port i_wb_adr[25]
WARNING: [Synth 8-3331] design swerv_soc_syscon_wrapper_0_0 has unconnected port i_wb_adr[24]
WARNING: [Synth 8-3331] design swerv_soc_syscon_wrapper_0_0 has unconnected port i_wb_adr[23]
WARNING: [Synth 8-3331] design swerv_soc_syscon_wrapper_0_0 has unconnected port i_wb_adr[22]
WARNING: [Synth 8-3331] design swerv_soc_syscon_wrapper_0_0 has unconnected port i_wb_adr[21]
WARNING: [Synth 8-3331] design swerv_soc_syscon_wrapper_0_0 has unconnected port i_wb_adr[20]
WARNING: [Synth 8-3331] design swerv_soc_syscon_wrapper_0_0 has unconnected port i_wb_adr[19]
WARNING: [Synth 8-3331] design swerv_soc_syscon_wrapper_0_0 has unconnected port i_wb_adr[18]
WARNING: [Synth 8-3331] design swerv_soc_syscon_wrapper_0_0 has unconnected port i_wb_adr[17]
WARNING: [Synth 8-3331] design swerv_soc_syscon_wrapper_0_0 has unconnected port i_wb_adr[16]
WARNING: [Synth 8-3331] design swerv_soc_syscon_wrapper_0_0 has unconnected port i_wb_adr[15]
WARNING: [Synth 8-3331] design swerv_soc_syscon_wrapper_0_0 has unconnected port i_wb_adr[14]
WARNING: [Synth 8-3331] design swerv_soc_syscon_wrapper_0_0 has unconnected port i_wb_adr[13]
WARNING: [Synth 8-3331] design swerv_soc_syscon_wrapper_0_0 has unconnected port i_wb_adr[12]
WARNING: [Synth 8-3331] design swerv_soc_syscon_wrapper_0_0 has unconnected port i_wb_adr[11]
WARNING: [Synth 8-3331] design swerv_soc_syscon_wrapper_0_0 has unconnected port i_wb_adr[10]
WARNING: [Synth 8-3331] design swerv_soc_syscon_wrapper_0_0 has unconnected port i_wb_adr[9]
WARNING: [Synth 8-3331] design swerv_soc_syscon_wrapper_0_0 has unconnected port i_wb_adr[8]
WARNING: [Synth 8-3331] design swerv_soc_syscon_wrapper_0_0 has unconnected port i_wb_adr[7]
WARNING: [Synth 8-3331] design swerv_soc_syscon_wrapper_0_0 has unconnected port i_wb_adr[6]
---------------------------------------------------------------------------------
Finished Cross Boundary and Area Optimization : Time (s): cpu = 00:00:20 ; elapsed = 00:00:21 . Memory (MB): peak = 1068.230 ; gain = 391.227
---------------------------------------------------------------------------------

Report RTL Partitions: 
+-+--------------+------------+----------+
| |RTL Partition |Replication |Instances |
+-+--------------+------------+----------+
+-+--------------+------------+----------+
---------------------------------------------------------------------------------
Start Applying XDC Timing Constraints
---------------------------------------------------------------------------------
---------------------------------------------------------------------------------
Finished Applying XDC Timing Constraints : Time (s): cpu = 00:00:28 ; elapsed = 00:00:29 . Memory (MB): peak = 1068.230 ; gain = 391.227
---------------------------------------------------------------------------------
---------------------------------------------------------------------------------
Start Timing Optimization
---------------------------------------------------------------------------------
---------------------------------------------------------------------------------
Finished Timing Optimization : Time (s): cpu = 00:00:28 ; elapsed = 00:00:29 . Memory (MB): peak = 1068.230 ; gain = 391.227
---------------------------------------------------------------------------------

Report RTL Partitions: 
+-+--------------+------------+----------+
| |RTL Partition |Replication |Instances |
+-+--------------+------------+----------+
+-+--------------+------------+----------+
---------------------------------------------------------------------------------
Start Technology Mapping
---------------------------------------------------------------------------------
---------------------------------------------------------------------------------
Finished Technology Mapping : Time (s): cpu = 00:00:29 ; elapsed = 00:00:29 . Memory (MB): peak = 1084.852 ; gain = 407.848
---------------------------------------------------------------------------------

Report RTL Partitions: 
+-+--------------+------------+----------+
| |RTL Partition |Replication |Instances |
+-+--------------+------------+----------+
+-+--------------+------------+----------+
---------------------------------------------------------------------------------
Start IO Insertion
---------------------------------------------------------------------------------
---------------------------------------------------------------------------------
Start Flattening Before IO Insertion
---------------------------------------------------------------------------------
---------------------------------------------------------------------------------
Finished Flattening Before IO Insertion
---------------------------------------------------------------------------------
---------------------------------------------------------------------------------
Start Final Netlist Cleanup
---------------------------------------------------------------------------------
---------------------------------------------------------------------------------
Finished Final Netlist Cleanup
---------------------------------------------------------------------------------
---------------------------------------------------------------------------------
Finished IO Insertion : Time (s): cpu = 00:00:34 ; elapsed = 00:00:35 . Memory (MB): peak = 1089.645 ; gain = 412.641
---------------------------------------------------------------------------------
---------------------------------------------------------------------------------
Start Renaming Generated Instances
---------------------------------------------------------------------------------
---------------------------------------------------------------------------------
Finished Renaming Generated Instances : Time (s): cpu = 00:00:34 ; elapsed = 00:00:35 . Memory (MB): peak = 1089.645 ; gain = 412.641
---------------------------------------------------------------------------------

Report RTL Partitions: 
+-+--------------+------------+----------+
| |RTL Partition |Replication |Instances |
+-+--------------+------------+----------+
+-+--------------+------------+----------+

Report Check Netlist: 
+------+------------------+-------+---------+-------+------------------+
|      |Item              |Errors |Warnings |Status |Description       |
+------+------------------+-------+---------+-------+------------------+
|1     |multi_driven_nets |      0|        0|Passed |Multi driven nets |
+------+------------------+-------+---------+-------+------------------+
---------------------------------------------------------------------------------
Start Rebuilding User Hierarchy
---------------------------------------------------------------------------------
---------------------------------------------------------------------------------
Finished Rebuilding User Hierarchy : Time (s): cpu = 00:00:34 ; elapsed = 00:00:35 . Memory (MB): peak = 1089.645 ; gain = 412.641
---------------------------------------------------------------------------------
---------------------------------------------------------------------------------
Start Renaming Generated Ports
---------------------------------------------------------------------------------
---------------------------------------------------------------------------------
Finished Renaming Generated Ports : Time (s): cpu = 00:00:34 ; elapsed = 00:00:35 . Memory (MB): peak = 1089.645 ; gain = 412.641
---------------------------------------------------------------------------------
---------------------------------------------------------------------------------
Start Handling Custom Attributes
---------------------------------------------------------------------------------
---------------------------------------------------------------------------------
Finished Handling Custom Attributes : Time (s): cpu = 00:00:34 ; elapsed = 00:00:35 . Memory (MB): peak = 1089.645 ; gain = 412.641
---------------------------------------------------------------------------------
---------------------------------------------------------------------------------
Start Renaming Generated Nets
---------------------------------------------------------------------------------
---------------------------------------------------------------------------------
Finished Renaming Generated Nets : Time (s): cpu = 00:00:34 ; elapsed = 00:00:35 . Memory (MB): peak = 1089.645 ; gain = 412.641
---------------------------------------------------------------------------------
---------------------------------------------------------------------------------
Start Writing Synthesis Report
---------------------------------------------------------------------------------

Report BlackBoxes: 
+-+--------------+----------+
| |BlackBox name |Instances |
+-+--------------+----------+
+-+--------------+----------+

Report Cell Usage: 
+------+-------+------+
|      |Cell   |Count |
+------+-------+------+
|1     |CARRY4 |    37|
|2     |LUT1   |    34|
|3     |LUT2   |     9|
|4     |LUT3   |     2|
|5     |LUT4   |   131|
|6     |LUT5   |    12|
|7     |LUT6   |   126|
|8     |MUXF7  |     6|
|9     |FDCE   |    20|
|10    |FDRE   |   279|
+------+-------+------+

Report Instance Areas: 
+------+--------------------+--------------------------+------+
|      |Instance            |Module                    |Cells |
+------+--------------------+--------------------------+------+
|1     |top                 |                          |   656|
|2     |  inst              |syscon_wrapper            |   656|
|3     |    syscon          |swervolf_syscon           |   650|
|4     |      SegDispl_Ctr  |SevSegDisplays_Controller |    54|
|5     |        counter20   |counter                   |    54|
|6     |          i_counter |delta_counter             |    54|
+------+--------------------+--------------------------+------+
---------------------------------------------------------------------------------
Finished Writing Synthesis Report : Time (s): cpu = 00:00:34 ; elapsed = 00:00:35 . Memory (MB): peak = 1089.645 ; gain = 412.641
---------------------------------------------------------------------------------
Synthesis finished with 0 errors, 0 critical warnings and 28 warnings.
Synthesis Optimization Runtime : Time (s): cpu = 00:00:24 ; elapsed = 00:00:33 . Memory (MB): peak = 1089.645 ; gain = 312.445
Synthesis Optimization Complete : Time (s): cpu = 00:00:34 ; elapsed = 00:00:35 . Memory (MB): peak = 1089.645 ; gain = 412.641
INFO: [Project 1-571] Translating synthesized netlist
Netlist sorting complete. Time (s): cpu = 00:00:00 ; elapsed = 00:00:00.013 . Memory (MB): peak = 1089.645 ; gain = 0.000
INFO: [Netlist 29-17] Analyzing 43 Unisim elements for replacement
INFO: [Netlist 29-28] Unisim Transformation completed in 1 CPU seconds
INFO: [Project 1-570] Preparing netlist for logic optimization
INFO: [Opt 31-138] Pushed 0 inverter(s) to 0 load pin(s).
Netlist sorting complete. Time (s): cpu = 00:00:00 ; elapsed = 00:00:00 . Memory (MB): peak = 1099.246 ; gain = 0.000
INFO: [Project 1-111] Unisim Transformation Summary:
No Unisim elements were transformed.

INFO: [Common 17-83] Releasing license: Synthesis
36 Infos, 66 Warnings, 0 Critical Warnings and 0 Errors encountered.
synth_design completed successfully
synth_design: Time (s): cpu = 00:00:42 ; elapsed = 00:00:44 . Memory (MB): peak = 1099.246 ; gain = 715.191
Netlist sorting complete. Time (s): cpu = 00:00:00 ; elapsed = 00:00:00.001 . Memory (MB): peak = 1099.246 ; gain = 0.000
WARNING: [Constraints 18-5210] No constraints selected for write.
Resolution: This message can indicate that there are no constraints for the design, or it can indicate that the used_in flags are set such that the constraints are ignored. This later case is used when running synth_design to not write synthesis constraints to the resulting checkpoint. Instead, project constraints are read when the synthesized design is opened.
INFO: [Common 17-1381] The checkpoint 'C:/Peripheral/RVfpga_SoC/RVfpga_SoC.runs/swerv_soc_syscon_wrapper_0_0_synth_1/swerv_soc_syscon_wrapper_0_0.dcp' has been generated.
WARNING: [Common 17-576] 'use_project_ipc' is deprecated. This option is deprecated and no longer used.
INFO: [Coretcl 2-1174] Renamed 5 cell refs.
Netlist sorting complete. Time (s): cpu = 00:00:00 ; elapsed = 00:00:00 . Memory (MB): peak = 1099.246 ; gain = 0.000
WARNING: [Constraints 18-5210] No constraints selected for write.
Resolution: This message can indicate that there are no constraints for the design, or it can indicate that the used_in flags are set such that the constraints are ignored. This later case is used when running synth_design to not write synthesis constraints to the resulting checkpoint. Instead, project constraints are read when the synthesized design is opened.
INFO: [Common 17-1381] The checkpoint 'C:/Peripheral/RVfpga_SoC/RVfpga_SoC.runs/swerv_soc_syscon_wrapper_0_0_synth_1/swerv_soc_syscon_wrapper_0_0.dcp' has been generated.
INFO: [runtcl-4] Executing : report_utilization -file swerv_soc_syscon_wrapper_0_0_utilization_synth.rpt -pb swerv_soc_syscon_wrapper_0_0_utilization_synth.pb
INFO: [Common 17-206] Exiting Vivado at Wed Apr  6 08:11:01 2022...
